2025-2-6 15:10:31-log: Cannot access game frame or container.
2025-2-6 15:10:31-debug: asset-db:require-engine-code (1280ms)
2025-2-6 15:10:31-log: [box2d]:box2d wasm lib loaded.
2025-2-6 15:10:31-log: [bullet]:bullet wasm lib loaded.
2025-2-6 15:10:31-log: meshopt wasm decoder initialized
2025-2-6 15:10:31-log: Cocos Creator v3.8.5
2025-2-6 15:10:31-log: Using legacy pipeline
2025-2-6 15:10:33-debug: [Assets Memory track]: asset-db-plugin-register: builder start:88.01MB, end 207.50MB, increase: 119.48MB
2025-2-6 15:10:33-debug: [Assets Memory track]: asset-db-plugin-register: project start:80.15MB, end 206.89MB, increase: 126.74MB
2025-2-6 15:10:33-debug: [Assets Memory track]: asset-db:worker-init: initPlugin start:79.51MB, end 206.92MB, increase: 127.41MB
2025-2-6 15:10:31-log: Forward render pipeline initialized.
2025-2-6 15:10:32-debug: [Assets Memory track]: asset-db:worker-init: initEngine start:29.67MB, end 79.48MB, increase: 49.81MB
2025-2-6 15:10:32-debug: [Assets Memory track]: asset-db-plugin-register: programming start:80.28MB, end 87.99MB, increase: 7.71MB
2025-2-6 15:10:33-debug: asset-db:worker-init: initPlugin (1822ms)
2025-2-6 15:10:33-debug: [Assets Memory track]: asset-db:worker-init start:29.66MB, end 207.02MB, increase: 177.36MB
2025-2-6 15:10:33-debug: Run asset db hook programming:beforePreStart ...
2025-2-6 15:10:33-debug: Run asset db hook programming:beforePreStart success!
2025-2-6 15:10:33-debug: Run asset db hook engine-extends:beforePreStart ...
2025-2-6 15:10:33-debug: Run asset db hook engine-extends:beforePreStart success!
2025-2-6 15:10:33-debug: asset-db:worker-init (3305ms)
2025-2-6 15:10:33-debug: asset-db-hook-programming-beforePreStart (106ms)
2025-2-6 15:10:33-debug: asset-db-hook-engine-extends-beforePreStart (107ms)
2025-2-6 15:10:33-debug: Preimport db internal success
2025-2-6 15:10:33-debug: Preimport db assets success
2025-2-6 15:10:33-debug: Run asset db hook programming:afterPreStart ...
2025-2-6 15:10:33-debug: starting packer-driver...
2025-2-6 15:10:34-debug: initialize scripting environment...
2025-2-6 15:10:34-debug: [[Executor]] prepare before lock
2025-2-6 15:10:34-debug: Set detail map pack:///resolution-detail-map.json: {}
2025-2-6 15:10:34-debug: [[Executor]] prepare after unlock
2025-2-6 15:10:34-debug: [Assets Memory track]: asset-db:worker-init: preStart start:207.03MB, end 211.55MB, increase: 4.51MB
2025-2-6 15:10:34-debug: Start up the 'internal' database...
2025-2-6 15:10:34-debug: Run asset db hook programming:afterPreStart success!
2025-2-6 15:10:34-debug: Run asset db hook engine-extends:afterPreStart ...
2025-2-6 15:10:34-debug: Run asset db hook engine-extends:afterPreStart success!
2025-2-6 15:10:34-debug: asset-db-hook-programming-afterPreStart (644ms)
2025-2-6 15:10:34-debug: asset-db:worker-effect-data-processing (370ms)
2025-2-6 15:10:34-debug: asset-db-hook-engine-extends-afterPreStart (371ms)
2025-2-6 15:10:34-debug: [Assets Memory track]: asset-db:worker-startup-database[internal] start:207.11MB, end 225.80MB, increase: 18.69MB
2025-2-6 15:10:34-debug: Start up the 'assets' database...
2025-2-6 15:10:34-debug: asset-db:worker-startup-database[internal] (882ms)
2025-2-6 15:10:34-debug: %cImport%c: /Users/lipeiling/PlaneFight/assets/Scenes/02-GameScene.scenebackground: #aaff85; color: #000;color: #000;
2025-2-6 15:10:34-debug: [Assets Memory track]: asset-db:worker-init: startup start:211.56MB, end 223.52MB, increase: 11.96MB
2025-2-6 15:10:34-debug: lazy register asset handler text
2025-2-6 15:10:34-debug: lazy register asset handler json
2025-2-6 15:10:34-debug: lazy register asset handler spine-data
2025-2-6 15:10:34-debug: lazy register asset handler dragonbones
2025-2-6 15:10:34-debug: lazy register asset handler *
2025-2-6 15:10:34-debug: lazy register asset handler terrain
2025-2-6 15:10:34-debug: lazy register asset handler javascript
2025-2-6 15:10:34-debug: lazy register asset handler typescript
2025-2-6 15:10:34-debug: lazy register asset handler scene
2025-2-6 15:10:34-debug: lazy register asset handler dragonbones-atlas
2025-2-6 15:10:34-debug: lazy register asset handler sprite-frame
2025-2-6 15:10:34-debug: lazy register asset handler tiled-map
2025-2-6 15:10:34-debug: lazy register asset handler buffer
2025-2-6 15:10:34-debug: lazy register asset handler image
2025-2-6 15:10:34-debug: lazy register asset handler sign-image
2025-2-6 15:10:34-debug: lazy register asset handler alpha-image
2025-2-6 15:10:34-debug: lazy register asset handler texture
2025-2-6 15:10:34-debug: lazy register asset handler texture-cube
2025-2-6 15:10:34-debug: lazy register asset handler erp-texture-cube
2025-2-6 15:10:34-debug: lazy register asset handler render-texture
2025-2-6 15:10:34-debug: lazy register asset handler prefab
2025-2-6 15:10:34-debug: lazy register asset handler rt-sprite-frame
2025-2-6 15:10:34-debug: [Assets Memory track]: asset-db:worker-startup-database[assets] start:210.85MB, end 223.51MB, increase: 12.66MB
2025-2-6 15:10:34-debug: lazy register asset handler gltf-mesh
2025-2-6 15:10:34-debug: lazy register asset handler gltf-animation
2025-2-6 15:10:34-debug: lazy register asset handler gltf-skeleton
2025-2-6 15:10:34-debug: lazy register asset handler gltf
2025-2-6 15:10:34-debug: lazy register asset handler gltf-scene
2025-2-6 15:10:34-debug: lazy register asset handler gltf-embeded-image
2025-2-6 15:10:34-debug: lazy register asset handler fbx
2025-2-6 15:10:34-debug: lazy register asset handler material
2025-2-6 15:10:34-debug: lazy register asset handler physics-material
2025-2-6 15:10:34-debug: lazy register asset handler effect
2025-2-6 15:10:34-debug: lazy register asset handler effect-header
2025-2-6 15:10:34-debug: lazy register asset handler audio-clip
2025-2-6 15:10:34-debug: lazy register asset handler animation-clip
2025-2-6 15:10:34-debug: lazy register asset handler animation-graph
2025-2-6 15:10:34-debug: lazy register asset handler animation-graph-variant
2025-2-6 15:10:34-debug: lazy register asset handler animation-mask
2025-2-6 15:10:34-debug: lazy register asset handler ttf-font
2025-2-6 15:10:34-debug: lazy register asset handler bitmap-font
2025-2-6 15:10:34-debug: lazy register asset handler particle
2025-2-6 15:10:34-debug: lazy register asset handler gltf-material
2025-2-6 15:10:34-debug: lazy register asset handler auto-atlas
2025-2-6 15:10:34-debug: lazy register asset handler label-atlas
2025-2-6 15:10:34-debug: lazy register asset handler texture-cube-face
2025-2-6 15:10:34-debug: lazy register asset handler render-stage
2025-2-6 15:10:34-debug: lazy register asset handler render-flow
2025-2-6 15:10:34-debug: lazy register asset handler instantiation-material
2025-2-6 15:10:34-debug: lazy register asset handler instantiation-mesh
2025-2-6 15:10:34-debug: lazy register asset handler instantiation-skeleton
2025-2-6 15:10:34-debug: lazy register asset handler instantiation-animation
2025-2-6 15:10:34-debug: lazy register asset handler video-clip
2025-2-6 15:10:34-debug: lazy register asset handler directory
2025-2-6 15:10:34-debug: lazy register asset handler sprite-atlas
2025-2-6 15:10:34-debug: lazy register asset handler render-pipeline
2025-2-6 15:10:34-debug: asset-db:worker-startup-database[assets] (786ms)
2025-2-6 15:10:34-debug: asset-db:start-database (936ms)
2025-2-6 15:10:34-debug: asset-db:ready (8063ms)
2025-2-6 15:10:34-debug: init worker message success
2025-2-6 15:10:34-debug: programming:execute-script (1ms)
2025-2-6 15:10:35-debug: [Build Memory track]: builder:worker-init start:228.05MB, end 236.79MB, increase: 8.73MB
2025-2-6 15:10:35-debug: builder:worker-init (532ms)
2025-2-6 15:10:52-debug: Query all assets info in project
2025-2-6 15:10:52-debug: init custom config: keepNodeUuid: false, useCache: true
2025-2-6 15:10:52-debug: Query asset bundle start, progress: 0%
2025-2-6 15:10:52-debug: // ---- build task Query asset bundle ----
2025-2-6 15:10:52-debug: Query preload assets/scripts from cc.config.json: 60f7195c-ec2a-45eb-ba94-8955f60e81d0,1c02ae6f-4492-4915-b8f8-7492a3b1e4cd,810e96e4-e456-4468-9b59-f4e8f39732c0,efe8e2a3-eace-427b-b4f1-cb8a937ec77d,e9aa9a3e-5b2b-4ac7-a2c7-073de2b2b24f,8bbdbcdd-5cd4-4100-b6d5-b7c9625b6107,50f4348b-c883-4e2f-8f11-ce233b859fa1,fda095cb-831d-4601-ad94-846013963de8,f92806d7-1768-443f-afe8-12bcde84d0f0,dd3a144d-ab7f-41f0-82b8-2e43a090d496,f0416e68-0200-4b77-a926-4f9d16e494da,970b0598-bcb0-4714-91fb-2e81440dccd8,bcd64cc6-2dd9-43f6-abbe-66318d332032,d930590d-bb92-4cc8-8bd1-23cd027f9edf,a3cd009f-0ab0-420d-9278-b9fdab939bbc,6a2d0734-bd9e-4ddf-946e-caa52498cb75,c27215d8-6835-4b68-bfbb-bdeac6100c04,b5d6115f-0370-4d7c-aad3-c194cc71cf98,871c3b6c-7379-419d-bda3-794b239ab90d,ff9b0199-ce04-4cfe-86cc-6c719f08d6e4,de1c2107-70c8-4021-8459-6399f24d01c6,cbf30902-517f-40dc-af90-a550bac27cf1
2025-2-6 15:10:52-debug:   Number of all scenes: 2
2025-2-6 15:10:52-debug:   Number of all scripts: 14
2025-2-6 15:10:52-debug:   Number of other assets: 514
2025-2-6 15:10:52-debug: // ---- build task Query asset bundle ---- (5ms)
2025-2-6 15:10:52-debug: run build task Query asset bundle success in 5 ms√, progress: 5%
2025-2-6 15:10:52-debug: Query asset bundle start, progress: 5%
2025-2-6 15:10:52-debug: // ---- build task Query asset bundle ----
2025-2-6 15:10:52-debug: [Build Memory track]: Query asset bundle start:241.37MB, end 242.07MB, increase: 719.68KB
2025-2-6 15:10:52-debug: // ---- build task Query asset bundle ---- (2ms)
2025-2-6 15:10:52-debug: [Build Memory track]: Query asset bundle start:242.10MB, end 242.22MB, increase: 125.22KB
2025-2-6 15:10:52-debug: Sort some build options to settings.json start, progress: 10%
2025-2-6 15:10:52-debug: // ---- build task Sort some build options to settings.json ----
2025-2-6 15:10:52-debug: run build task Query asset bundle success in 2 ms√, progress: 10%
2025-2-6 15:10:52-debug: // ---- build task Sort some build options to settings.json ---- (1ms)
2025-2-6 15:10:52-debug: // ---- build task Fill script data to settings ----
2025-2-6 15:10:52-debug: [Build Memory track]: Sort some build options to settings.json start:242.25MB, end 242.29MB, increase: 37.77KB
2025-2-6 15:10:52-debug: Fill script data to settings start, progress: 12%
2025-2-6 15:10:52-debug: run build task Sort some build options to settings.json success in 1 ms√, progress: 12%
2025-2-6 15:10:52-debug: // ---- build task Fill script data to settings ---- (1ms)
2025-2-6 15:10:52-debug: Sort some build options to settings.json start, progress: 13%
2025-2-6 15:10:52-debug: [Build Memory track]: Fill script data to settings start:242.32MB, end 242.35MB, increase: 28.27KB
2025-2-6 15:10:52-debug: run build task Fill script data to settings success in 1 ms√, progress: 13%
2025-2-6 15:10:52-debug: // ---- build task Sort some build options to settings.json ----
2025-2-6 15:10:52-debug: // ---- build task Sort some build options to settings.json ---- (3ms)
2025-2-6 15:10:52-debug: run build task Sort some build options to settings.json success in 3 ms√, progress: 15%
2025-2-6 15:10:52-debug: [Build Memory track]: Sort some build options to settings.json start:242.38MB, end 242.52MB, increase: 137.75KB
2025-2-6 15:10:52-debug: Query all assets info in project
2025-2-6 15:10:52-debug: Query all assets info in project
2025-2-6 15:10:52-debug: init custom config: keepNodeUuid: false, useCache: true
2025-2-6 15:10:52-debug: init custom config: keepNodeUuid: false, useCache: true
2025-2-6 15:10:52-debug: Query asset bundle start, progress: 0%
2025-2-6 15:10:52-debug: // ---- build task Query asset bundle ----
2025-2-6 15:10:52-debug: Query asset bundle start, progress: 0%
2025-2-6 15:10:52-debug: // ---- build task Query asset bundle ----
2025-2-6 15:10:52-debug: Query preload assets/scripts from cc.config.json: 60f7195c-ec2a-45eb-ba94-8955f60e81d0,1c02ae6f-4492-4915-b8f8-7492a3b1e4cd,810e96e4-e456-4468-9b59-f4e8f39732c0,efe8e2a3-eace-427b-b4f1-cb8a937ec77d,e9aa9a3e-5b2b-4ac7-a2c7-073de2b2b24f,8bbdbcdd-5cd4-4100-b6d5-b7c9625b6107,50f4348b-c883-4e2f-8f11-ce233b859fa1,fda095cb-831d-4601-ad94-846013963de8,f92806d7-1768-443f-afe8-12bcde84d0f0,dd3a144d-ab7f-41f0-82b8-2e43a090d496,f0416e68-0200-4b77-a926-4f9d16e494da,970b0598-bcb0-4714-91fb-2e81440dccd8,bcd64cc6-2dd9-43f6-abbe-66318d332032,d930590d-bb92-4cc8-8bd1-23cd027f9edf,a3cd009f-0ab0-420d-9278-b9fdab939bbc,6a2d0734-bd9e-4ddf-946e-caa52498cb75,c27215d8-6835-4b68-bfbb-bdeac6100c04,b5d6115f-0370-4d7c-aad3-c194cc71cf98,871c3b6c-7379-419d-bda3-794b239ab90d,ff9b0199-ce04-4cfe-86cc-6c719f08d6e4,de1c2107-70c8-4021-8459-6399f24d01c6,cbf30902-517f-40dc-af90-a550bac27cf1
2025-2-6 15:10:52-debug:   Number of all scenes: 2
2025-2-6 15:10:52-debug:   Number of all scripts: 14
2025-2-6 15:10:52-debug:   Number of other assets: 514
2025-2-6 15:10:52-debug: // ---- build task Query asset bundle ---- (4ms)
2025-2-6 15:10:52-debug: [Build Memory track]: Query asset bundle start:237.18MB, end 237.20MB, increase: 20.33KB
2025-2-6 15:10:52-debug: // ---- build task Query asset bundle ----
2025-2-6 15:10:52-debug: Query asset bundle start, progress: 5%
2025-2-6 15:10:52-debug: run build task Query asset bundle success in 4 ms√, progress: 5%
2025-2-6 15:10:52-debug: Query preload assets/scripts from cc.config.json: 60f7195c-ec2a-45eb-ba94-8955f60e81d0,1c02ae6f-4492-4915-b8f8-7492a3b1e4cd,810e96e4-e456-4468-9b59-f4e8f39732c0,efe8e2a3-eace-427b-b4f1-cb8a937ec77d,e9aa9a3e-5b2b-4ac7-a2c7-073de2b2b24f,8bbdbcdd-5cd4-4100-b6d5-b7c9625b6107,50f4348b-c883-4e2f-8f11-ce233b859fa1,fda095cb-831d-4601-ad94-846013963de8,f92806d7-1768-443f-afe8-12bcde84d0f0,dd3a144d-ab7f-41f0-82b8-2e43a090d496,f0416e68-0200-4b77-a926-4f9d16e494da,970b0598-bcb0-4714-91fb-2e81440dccd8,bcd64cc6-2dd9-43f6-abbe-66318d332032,d930590d-bb92-4cc8-8bd1-23cd027f9edf,a3cd009f-0ab0-420d-9278-b9fdab939bbc,6a2d0734-bd9e-4ddf-946e-caa52498cb75,c27215d8-6835-4b68-bfbb-bdeac6100c04,b5d6115f-0370-4d7c-aad3-c194cc71cf98,871c3b6c-7379-419d-bda3-794b239ab90d,ff9b0199-ce04-4cfe-86cc-6c719f08d6e4,de1c2107-70c8-4021-8459-6399f24d01c6,cbf30902-517f-40dc-af90-a550bac27cf1
2025-2-6 15:10:52-debug:   Number of all scenes: 2
2025-2-6 15:10:52-debug:   Number of all scripts: 14
2025-2-6 15:10:52-debug:   Number of other assets: 514
2025-2-6 15:10:52-debug: // ---- build task Query asset bundle ---- (3ms)
2025-2-6 15:10:52-debug: // ---- build task Query asset bundle ----
2025-2-6 15:10:52-debug: [Build Memory track]: Query asset bundle start:237.22MB, end 237.17MB, increase: -56.78KB
2025-2-6 15:10:52-debug: Query asset bundle start, progress: 5%
2025-2-6 15:10:52-debug: run build task Query asset bundle success in 3 ms√, progress: 5%
2025-2-6 15:10:52-debug: run build task Query asset bundle success in √, progress: 10%
2025-2-6 15:10:52-debug: [Build Memory track]: Query asset bundle start:237.20MB, end 237.22MB, increase: 21.98KB
2025-2-6 15:10:52-debug: Sort some build options to settings.json start, progress: 10%
2025-2-6 15:10:52-debug: // ---- build task Sort some build options to settings.json ----
2025-2-6 15:10:52-debug: run build task Sort some build options to settings.json success in √, progress: 12%
2025-2-6 15:10:52-debug: // ---- build task Fill script data to settings ----
2025-2-6 15:10:52-debug: Fill script data to settings start, progress: 12%
2025-2-6 15:10:52-debug: [Build Memory track]: Sort some build options to settings.json start:237.26MB, end 237.36MB, increase: 98.86KB
2025-2-6 15:10:52-debug: // ---- build task Fill script data to settings ---- (1ms)
2025-2-6 15:10:52-debug: Sort some build options to settings.json start, progress: 13%
2025-2-6 15:10:52-debug: [Build Memory track]: Fill script data to settings start:237.39MB, end 237.42MB, increase: 31.16KB
2025-2-6 15:10:52-debug: // ---- build task Sort some build options to settings.json ----
2025-2-6 15:10:52-debug: run build task Fill script data to settings success in 1 ms√, progress: 13%
2025-2-6 15:10:52-debug: run build task Query asset bundle success in √, progress: 10%
2025-2-6 15:10:52-debug: Sort some build options to settings.json start, progress: 10%
2025-2-6 15:10:52-debug: // ---- build task Sort some build options to settings.json ----
2025-2-6 15:10:52-debug: // ---- build task Sort some build options to settings.json ---- (1ms)
2025-2-6 15:10:52-debug: // ---- build task Fill script data to settings ----
2025-2-6 15:10:52-debug: [Build Memory track]: Sort some build options to settings.json start:237.48MB, end 237.52MB, increase: 39.87KB
2025-2-6 15:10:52-debug: Fill script data to settings start, progress: 12%
2025-2-6 15:10:52-debug: run build task Sort some build options to settings.json success in 1 ms√, progress: 12%
2025-2-6 15:10:52-debug: run build task Fill script data to settings success in √, progress: 13%
2025-2-6 15:10:52-debug: Sort some build options to settings.json start, progress: 13%
2025-2-6 15:10:52-debug: [Build Memory track]: Fill script data to settings start:237.55MB, end 237.57MB, increase: 22.98KB
2025-2-6 15:10:52-debug: // ---- build task Sort some build options to settings.json ----
2025-2-6 15:10:52-debug: // ---- build task Sort some build options to settings.json ---- (1ms)
2025-2-6 15:10:52-debug: run build task Sort some build options to settings.json success in 1 ms√, progress: 15%
2025-2-6 15:10:52-debug: [Build Memory track]: Sort some build options to settings.json start:237.60MB, end 237.76MB, increase: 163.44KB
2025-2-6 15:10:52-debug: run build task Sort some build options to settings.json success in √, progress: 15%
2025-2-6 15:11:38-debug: refresh db internal success
2025-2-6 15:11:38-debug: refresh db assets success
2025-2-6 15:11:38-debug: Run asset db hook engine-extends:afterRefresh ...
2025-2-6 15:11:38-debug: Run asset db hook engine-extends:afterRefresh success!
2025-2-6 15:11:38-debug: asset-db:refresh-all-database (41ms)
2025-2-6 15:11:38-debug: asset-db:worker-effect-data-processing (1ms)
2025-2-6 15:11:38-debug: asset-db-hook-engine-extends-afterRefresh (1ms)
2025-2-6 15:12:26-debug: refresh db internal success
2025-2-6 15:12:26-debug: refresh db assets success
2025-2-6 15:12:26-debug: Run asset db hook engine-extends:afterRefresh ...
2025-2-6 15:12:26-debug: Run asset db hook engine-extends:afterRefresh success!
2025-2-6 15:12:26-debug: asset-db:refresh-all-database (41ms)
2025-2-6 15:12:26-debug: asset-db:worker-effect-data-processing (1ms)
2025-2-6 15:12:26-debug: asset-db-hook-engine-extends-afterRefresh (2ms)
2025-2-6 15:18:21-debug: refresh db internal success
2025-2-6 15:18:21-debug: %cImport%c: /Users/lipeiling/PlaneFight/assets/Scritps/Reward.tsbackground: #aaff85; color: #000;color: #000;
2025-2-6 15:18:21-debug: refresh db assets success
2025-2-6 15:18:21-debug: Run asset db hook engine-extends:afterRefresh ...
2025-2-6 15:18:21-debug: Run asset db hook engine-extends:afterRefresh success!
2025-2-6 15:18:21-debug: asset-db:refresh-all-database (62ms)
2025-2-6 15:18:21-debug: asset-db:worker-effect-data-processing (2ms)
2025-2-6 15:18:21-debug: asset-db-hook-engine-extends-afterRefresh (4ms)
2025-2-6 15:18:23-debug: Query all assets info in project
2025-2-6 15:18:23-debug: init custom config: keepNodeUuid: false, useCache: true
2025-2-6 15:18:23-debug: Query asset bundle start, progress: 0%
2025-2-6 15:18:23-debug: // ---- build task Query asset bundle ----
2025-2-6 15:18:23-debug: Query preload assets/scripts from cc.config.json: 60f7195c-ec2a-45eb-ba94-8955f60e81d0,1c02ae6f-4492-4915-b8f8-7492a3b1e4cd,810e96e4-e456-4468-9b59-f4e8f39732c0,efe8e2a3-eace-427b-b4f1-cb8a937ec77d,e9aa9a3e-5b2b-4ac7-a2c7-073de2b2b24f,8bbdbcdd-5cd4-4100-b6d5-b7c9625b6107,50f4348b-c883-4e2f-8f11-ce233b859fa1,fda095cb-831d-4601-ad94-846013963de8,f92806d7-1768-443f-afe8-12bcde84d0f0,dd3a144d-ab7f-41f0-82b8-2e43a090d496,f0416e68-0200-4b77-a926-4f9d16e494da,970b0598-bcb0-4714-91fb-2e81440dccd8,bcd64cc6-2dd9-43f6-abbe-66318d332032,d930590d-bb92-4cc8-8bd1-23cd027f9edf,a3cd009f-0ab0-420d-9278-b9fdab939bbc,6a2d0734-bd9e-4ddf-946e-caa52498cb75,c27215d8-6835-4b68-bfbb-bdeac6100c04,b5d6115f-0370-4d7c-aad3-c194cc71cf98,871c3b6c-7379-419d-bda3-794b239ab90d,ff9b0199-ce04-4cfe-86cc-6c719f08d6e4,de1c2107-70c8-4021-8459-6399f24d01c6,cbf30902-517f-40dc-af90-a550bac27cf1
2025-2-6 15:18:23-debug:   Number of all scenes: 2
2025-2-6 15:18:23-debug:   Number of all scripts: 14
2025-2-6 15:18:23-debug:   Number of other assets: 514
2025-2-6 15:18:23-debug: // ---- build task Query asset bundle ---- (7ms)
2025-2-6 15:18:23-debug: run build task Query asset bundle success in 7 ms√, progress: 5%
2025-2-6 15:18:23-debug: Query asset bundle start, progress: 5%
2025-2-6 15:18:23-debug: [Build Memory track]: Query asset bundle start:170.03MB, end 169.75MB, increase: -280.60KB
2025-2-6 15:18:23-debug: // ---- build task Query asset bundle ----
2025-2-6 15:18:23-debug: // ---- build task Query asset bundle ---- (3ms)
2025-2-6 15:18:23-debug: run build task Query asset bundle success in 3 ms√, progress: 10%
2025-2-6 15:18:23-debug: [Build Memory track]: Query asset bundle start:169.78MB, end 169.89MB, increase: 111.88KB
2025-2-6 15:18:23-debug: Sort some build options to settings.json start, progress: 10%
2025-2-6 15:18:23-debug: // ---- build task Sort some build options to settings.json ----
2025-2-6 15:18:23-debug: // ---- build task Sort some build options to settings.json ---- (1ms)
2025-2-6 15:18:23-debug: run build task Sort some build options to settings.json success in 1 ms√, progress: 12%
2025-2-6 15:18:23-debug: [Build Memory track]: Sort some build options to settings.json start:169.92MB, end 169.95MB, increase: 28.47KB
2025-2-6 15:18:23-debug: Fill script data to settings start, progress: 12%
2025-2-6 15:18:23-debug: // ---- build task Fill script data to settings ----
2025-2-6 15:18:23-debug: // ---- build task Fill script data to settings ---- (2ms)
2025-2-6 15:18:23-debug: run build task Fill script data to settings success in 2 ms√, progress: 13%
2025-2-6 15:18:23-debug: [Build Memory track]: Fill script data to settings start:169.98MB, end 170.01MB, increase: 26.55KB
2025-2-6 15:18:23-debug: Sort some build options to settings.json start, progress: 13%
2025-2-6 15:18:23-debug: // ---- build task Sort some build options to settings.json ----
2025-2-6 15:18:23-debug: // ---- build task Sort some build options to settings.json ---- (7ms)
2025-2-6 15:18:23-debug: [Build Memory track]: Sort some build options to settings.json start:170.04MB, end 170.16MB, increase: 132.35KB
2025-2-6 15:18:23-debug: run build task Sort some build options to settings.json success in 7 ms√, progress: 15%
2025-2-6 15:19:34-debug: refresh db internal success
2025-2-6 15:19:34-debug: refresh db assets success
2025-2-6 15:19:34-debug: Run asset db hook engine-extends:afterRefresh ...
2025-2-6 15:19:34-debug: Run asset db hook engine-extends:afterRefresh success!
2025-2-6 15:19:34-debug: asset-db:refresh-all-database (36ms)
2025-2-6 15:19:34-debug: asset-db-hook-engine-extends-afterRefresh (1ms)
2025-2-6 15:19:34-debug: asset-db:worker-effect-data-processing (1ms)
2025-2-6 15:19:47-debug: refresh db internal success
2025-2-6 15:19:47-debug: refresh db assets success
2025-2-6 15:19:47-debug: Run asset db hook engine-extends:afterRefresh ...
2025-2-6 15:19:47-debug: Run asset db hook engine-extends:afterRefresh success!
2025-2-6 15:19:47-debug: asset-db:refresh-all-database (34ms)
2025-2-6 15:19:47-debug: asset-db:worker-effect-data-processing (1ms)
2025-2-6 15:19:47-debug: asset-db-hook-engine-extends-afterRefresh (1ms)
2025-2-6 15:19:49-debug: %cImport%c: /Users/lipeiling/PlaneFight/assets/Scenes/02-GameScene.scenebackground: #aaff85; color: #000;color: #000;
2025-2-6 15:19:49-debug: asset-db:reimport-asset4ded0126-a83f-41d6-850b-821aeec8c1dd (6ms)
2025-2-6 15:22:18-debug: refresh db internal success
2025-2-6 15:22:18-debug: refresh db assets success
2025-2-6 15:22:18-debug: Run asset db hook engine-extends:afterRefresh ...
2025-2-6 15:22:18-debug: Run asset db hook engine-extends:afterRefresh success!
2025-2-6 15:22:18-debug: asset-db:refresh-all-database (38ms)
2025-2-6 15:22:18-debug: asset-db:worker-effect-data-processing (1ms)
2025-2-6 15:22:18-debug: asset-db-hook-engine-extends-afterRefresh (2ms)
2025-2-6 15:22:21-debug: Query all assets info in project
2025-2-6 15:22:21-debug: init custom config: keepNodeUuid: false, useCache: true
2025-2-6 15:22:21-debug: Query asset bundle start, progress: 0%
2025-2-6 15:22:21-debug: // ---- build task Query asset bundle ----
2025-2-6 15:22:21-debug: Query preload assets/scripts from cc.config.json: 60f7195c-ec2a-45eb-ba94-8955f60e81d0,1c02ae6f-4492-4915-b8f8-7492a3b1e4cd,810e96e4-e456-4468-9b59-f4e8f39732c0,efe8e2a3-eace-427b-b4f1-cb8a937ec77d,e9aa9a3e-5b2b-4ac7-a2c7-073de2b2b24f,8bbdbcdd-5cd4-4100-b6d5-b7c9625b6107,50f4348b-c883-4e2f-8f11-ce233b859fa1,fda095cb-831d-4601-ad94-846013963de8,f92806d7-1768-443f-afe8-12bcde84d0f0,dd3a144d-ab7f-41f0-82b8-2e43a090d496,f0416e68-0200-4b77-a926-4f9d16e494da,970b0598-bcb0-4714-91fb-2e81440dccd8,bcd64cc6-2dd9-43f6-abbe-66318d332032,d930590d-bb92-4cc8-8bd1-23cd027f9edf,a3cd009f-0ab0-420d-9278-b9fdab939bbc,6a2d0734-bd9e-4ddf-946e-caa52498cb75,c27215d8-6835-4b68-bfbb-bdeac6100c04,b5d6115f-0370-4d7c-aad3-c194cc71cf98,871c3b6c-7379-419d-bda3-794b239ab90d,ff9b0199-ce04-4cfe-86cc-6c719f08d6e4,de1c2107-70c8-4021-8459-6399f24d01c6,cbf30902-517f-40dc-af90-a550bac27cf1
2025-2-6 15:22:21-debug:   Number of all scripts: 14
2025-2-6 15:22:21-debug:   Number of all scenes: 2
2025-2-6 15:22:21-debug:   Number of other assets: 514
2025-2-6 15:22:21-debug: // ---- build task Query asset bundle ---- (4ms)
2025-2-6 15:22:21-debug: Query asset bundle start, progress: 5%
2025-2-6 15:22:21-debug: [Build Memory track]: Query asset bundle start:173.31MB, end 173.11MB, increase: -199.45KB
2025-2-6 15:22:21-debug: // ---- build task Query asset bundle ----
2025-2-6 15:22:21-debug: run build task Query asset bundle success in 4 ms√, progress: 5%
2025-2-6 15:22:21-debug: // ---- build task Query asset bundle ---- (1ms)
2025-2-6 15:22:21-debug: // ---- build task Sort some build options to settings.json ----
2025-2-6 15:22:21-debug: [Build Memory track]: Query asset bundle start:173.05MB, end 173.17MB, increase: 114.69KB
2025-2-6 15:22:21-debug: Sort some build options to settings.json start, progress: 10%
2025-2-6 15:22:21-debug: run build task Query asset bundle success in 1 ms√, progress: 10%
2025-2-6 15:22:21-debug: // ---- build task Sort some build options to settings.json ---- (1ms)
2025-2-6 15:22:21-debug: Fill script data to settings start, progress: 12%
2025-2-6 15:22:21-debug: [Build Memory track]: Sort some build options to settings.json start:173.19MB, end 173.22MB, increase: 32.43KB
2025-2-6 15:22:21-debug: run build task Sort some build options to settings.json success in 1 ms√, progress: 12%
2025-2-6 15:22:21-debug: // ---- build task Fill script data to settings ----
2025-2-6 15:22:21-debug: // ---- build task Fill script data to settings ---- (1ms)
2025-2-6 15:22:21-debug: [Build Memory track]: Fill script data to settings start:173.24MB, end 173.28MB, increase: 34.04KB
2025-2-6 15:22:21-debug: Sort some build options to settings.json start, progress: 13%
2025-2-6 15:22:21-debug: run build task Fill script data to settings success in 1 ms√, progress: 13%
2025-2-6 15:22:21-debug: // ---- build task Sort some build options to settings.json ----
2025-2-6 15:22:21-debug: // ---- build task Sort some build options to settings.json ---- (4ms)
2025-2-6 15:22:21-debug: run build task Sort some build options to settings.json success in 4 ms√, progress: 15%
2025-2-6 15:22:21-debug: [Build Memory track]: Sort some build options to settings.json start:173.30MB, end 173.42MB, increase: 122.70KB
2025-2-6 15:24:51-debug: start refresh asset from /Users/lipeiling/PlaneFight/assets/Prefabs/Reward1_TwoShoot.prefab...
2025-2-6 15:24:51-debug: %cImport%c: /Users/lipeiling/PlaneFight/assets/Prefabs/Reward1_TwoShoot.prefabbackground: #aaff85; color: #000;color: #000;
2025-2-6 15:24:51-debug: refresh asset /Users/lipeiling/PlaneFight/assets/Prefabs success
2025-2-6 15:24:58-debug: start refresh asset from /Users/lipeiling/PlaneFight/assets/Prefabs/Reward2_Bomb.prefab...
2025-2-6 15:24:58-debug: %cImport%c: /Users/lipeiling/PlaneFight/assets/Prefabs/Reward2_Bomb.prefabbackground: #aaff85; color: #000;color: #000;
2025-2-6 15:24:58-debug: refresh asset /Users/lipeiling/PlaneFight/assets/Prefabs success
2025-2-6 15:25:01-debug: Query all assets info in project
2025-2-6 15:25:01-debug: init custom config: keepNodeUuid: false, useCache: true
2025-2-6 15:25:01-debug: Query asset bundle start, progress: 0%
2025-2-6 15:25:01-debug: // ---- build task Query asset bundle ----
2025-2-6 15:25:01-debug: Query preload assets/scripts from cc.config.json: 60f7195c-ec2a-45eb-ba94-8955f60e81d0,1c02ae6f-4492-4915-b8f8-7492a3b1e4cd,810e96e4-e456-4468-9b59-f4e8f39732c0,efe8e2a3-eace-427b-b4f1-cb8a937ec77d,e9aa9a3e-5b2b-4ac7-a2c7-073de2b2b24f,8bbdbcdd-5cd4-4100-b6d5-b7c9625b6107,50f4348b-c883-4e2f-8f11-ce233b859fa1,fda095cb-831d-4601-ad94-846013963de8,f92806d7-1768-443f-afe8-12bcde84d0f0,dd3a144d-ab7f-41f0-82b8-2e43a090d496,f0416e68-0200-4b77-a926-4f9d16e494da,970b0598-bcb0-4714-91fb-2e81440dccd8,bcd64cc6-2dd9-43f6-abbe-66318d332032,d930590d-bb92-4cc8-8bd1-23cd027f9edf,a3cd009f-0ab0-420d-9278-b9fdab939bbc,6a2d0734-bd9e-4ddf-946e-caa52498cb75,c27215d8-6835-4b68-bfbb-bdeac6100c04,b5d6115f-0370-4d7c-aad3-c194cc71cf98,871c3b6c-7379-419d-bda3-794b239ab90d,ff9b0199-ce04-4cfe-86cc-6c719f08d6e4,de1c2107-70c8-4021-8459-6399f24d01c6,cbf30902-517f-40dc-af90-a550bac27cf1
2025-2-6 15:25:01-debug:   Number of all scenes: 2
2025-2-6 15:25:01-debug:   Number of all scripts: 14
2025-2-6 15:25:01-debug:   Number of other assets: 514
2025-2-6 15:25:01-debug: // ---- build task Query asset bundle ---- (4ms)
2025-2-6 15:25:01-debug: // ---- build task Query asset bundle ----
2025-2-6 15:25:01-debug: [Build Memory track]: Query asset bundle start:173.62MB, end 173.37MB, increase: -255.54KB
2025-2-6 15:25:01-debug: Query asset bundle start, progress: 5%
2025-2-6 15:25:01-debug: run build task Query asset bundle success in 4 ms√, progress: 5%
2025-2-6 15:25:01-debug: // ---- build task Query asset bundle ---- (2ms)
2025-2-6 15:25:01-debug: [Build Memory track]: Query asset bundle start:173.39MB, end 173.50MB, increase: 106.71KB
2025-2-6 15:25:01-debug: run build task Query asset bundle success in 2 ms√, progress: 10%
2025-2-6 15:25:01-debug: Sort some build options to settings.json start, progress: 10%
2025-2-6 15:25:01-debug: // ---- build task Sort some build options to settings.json ----
2025-2-6 15:25:01-debug: // ---- build task Sort some build options to settings.json ---- (1ms)
2025-2-6 15:25:01-debug: // ---- build task Fill script data to settings ----
2025-2-6 15:25:01-debug: [Build Memory track]: Sort some build options to settings.json start:173.52MB, end 173.54MB, increase: 23.57KB
2025-2-6 15:25:01-debug: Fill script data to settings start, progress: 12%
2025-2-6 15:25:01-debug: run build task Sort some build options to settings.json success in 1 ms√, progress: 12%
2025-2-6 15:25:01-debug: // ---- build task Fill script data to settings ---- (1ms)
2025-2-6 15:25:01-debug: [Build Memory track]: Fill script data to settings start:173.56MB, end 173.59MB, increase: 23.04KB
2025-2-6 15:25:01-debug: Sort some build options to settings.json start, progress: 13%
2025-2-6 15:25:01-debug: // ---- build task Sort some build options to settings.json ----
2025-2-6 15:25:01-debug: run build task Fill script data to settings success in 1 ms√, progress: 13%
2025-2-6 15:25:01-debug: // ---- build task Sort some build options to settings.json ---- (2ms)
2025-2-6 15:25:01-debug: run build task Sort some build options to settings.json success in 2 ms√, progress: 15%
2025-2-6 15:25:01-debug: [Build Memory track]: Sort some build options to settings.json start:173.61MB, end 173.73MB, increase: 122.18KB
2025-2-6 15:25:11-debug: Query all assets info in project
2025-2-6 15:25:11-debug: init custom config: keepNodeUuid: false, useCache: true
2025-2-6 15:25:11-debug: Query asset bundle start, progress: 0%
2025-2-6 15:25:11-debug: // ---- build task Query asset bundle ----
2025-2-6 15:25:11-debug: Query preload assets/scripts from cc.config.json: 60f7195c-ec2a-45eb-ba94-8955f60e81d0,1c02ae6f-4492-4915-b8f8-7492a3b1e4cd,810e96e4-e456-4468-9b59-f4e8f39732c0,efe8e2a3-eace-427b-b4f1-cb8a937ec77d,e9aa9a3e-5b2b-4ac7-a2c7-073de2b2b24f,8bbdbcdd-5cd4-4100-b6d5-b7c9625b6107,50f4348b-c883-4e2f-8f11-ce233b859fa1,fda095cb-831d-4601-ad94-846013963de8,f92806d7-1768-443f-afe8-12bcde84d0f0,dd3a144d-ab7f-41f0-82b8-2e43a090d496,f0416e68-0200-4b77-a926-4f9d16e494da,970b0598-bcb0-4714-91fb-2e81440dccd8,bcd64cc6-2dd9-43f6-abbe-66318d332032,d930590d-bb92-4cc8-8bd1-23cd027f9edf,a3cd009f-0ab0-420d-9278-b9fdab939bbc,6a2d0734-bd9e-4ddf-946e-caa52498cb75,c27215d8-6835-4b68-bfbb-bdeac6100c04,b5d6115f-0370-4d7c-aad3-c194cc71cf98,871c3b6c-7379-419d-bda3-794b239ab90d,ff9b0199-ce04-4cfe-86cc-6c719f08d6e4,de1c2107-70c8-4021-8459-6399f24d01c6,cbf30902-517f-40dc-af90-a550bac27cf1
2025-2-6 15:25:11-debug:   Number of all scenes: 2
2025-2-6 15:25:11-debug:   Number of all scripts: 14
2025-2-6 15:25:11-debug:   Number of other assets: 514
2025-2-6 15:25:11-debug: // ---- build task Query asset bundle ---- (3ms)
2025-2-6 15:25:11-debug: [Build Memory track]: Query asset bundle start:173.77MB, end 173.51MB, increase: -273.76KB
2025-2-6 15:25:11-debug: Query asset bundle start, progress: 5%
2025-2-6 15:25:11-debug: // ---- build task Query asset bundle ----
2025-2-6 15:25:11-debug: run build task Query asset bundle success in 3 ms√, progress: 5%
2025-2-6 15:25:11-debug: // ---- build task Query asset bundle ---- (1ms)
2025-2-6 15:25:11-debug: run build task Query asset bundle success in 1 ms√, progress: 10%
2025-2-6 15:25:11-debug: [Build Memory track]: Query asset bundle start:173.53MB, end 173.63MB, increase: 106.79KB
2025-2-6 15:25:11-debug: Sort some build options to settings.json start, progress: 10%
2025-2-6 15:25:11-debug: // ---- build task Sort some build options to settings.json ----
2025-2-6 15:25:11-debug: run build task Sort some build options to settings.json success in √, progress: 12%
2025-2-6 15:25:11-debug: Fill script data to settings start, progress: 12%
2025-2-6 15:25:11-debug: // ---- build task Fill script data to settings ----
2025-2-6 15:25:11-debug: [Build Memory track]: Sort some build options to settings.json start:173.66MB, end 173.67MB, increase: 16.44KB
2025-2-6 15:25:11-debug: run build task Fill script data to settings success in √, progress: 13%
2025-2-6 15:25:11-debug: Sort some build options to settings.json start, progress: 13%
2025-2-6 15:25:11-debug: // ---- build task Sort some build options to settings.json ----
2025-2-6 15:25:11-debug: [Build Memory track]: Fill script data to settings start:173.69MB, end 173.71MB, increase: 15.16KB
2025-2-6 15:25:11-debug: // ---- build task Sort some build options to settings.json ---- (2ms)
2025-2-6 15:25:11-debug: run build task Sort some build options to settings.json success in 2 ms√, progress: 15%
2025-2-6 15:25:11-debug: [Build Memory track]: Sort some build options to settings.json start:173.73MB, end 173.85MB, increase: 121.61KB
2025-2-6 15:25:33-debug: %cImport%c: /Users/lipeiling/PlaneFight/assets/Scenes/02-GameScene.scenebackground: #aaff85; color: #000;color: #000;
2025-2-6 15:25:33-debug: asset-db:reimport-asset4ded0126-a83f-41d6-850b-821aeec8c1dd (6ms)
